{
  "RSpec": {
    "coverage": {
      "/home/kpurvesh/course-assignment-system/app/controllers/faculty_courses_controller.rb": [
        1,
        1,
        2,
        null,
        null,
        1,
        4,
        3,
        3,
        1,
        1,
        1,
        1,
        null,
        3,
        null,
        1,
        1,
        null,
        null,
        null,
        1,
        1,
        1,
        1,
        null,
        null,
        1,
        0,
        0,
        0,
        0,
        null,
        null
      ],
      "/home/kpurvesh/course-assignment-system/app/controllers/application_controller.rb": [
        1,
        null,
        null,
        1,
        null,
        null
      ],
      "/home/kpurvesh/course-assignment-system/app/controllers/home_page_controller.rb": [
        1,
        1,
        null,
        null,
        1,
        null,
        null
      ],
      "/home/kpurvesh/course-assignment-system/app/models/faculty_course.rb": [
        1,
        1,
        null
      ],
      "/home/kpurvesh/course-assignment-system/app/models/faculty.rb": [
        1,
        1,
        1,
        1,
        null
      ],
      "/home/kpurvesh/course-assignment-system/app/models/course.rb": [
        1,
        1,
        1,
        null
      ]
    },
    "timestamp": 1444955633
  }
}
